CARGAR_VALOR 10 null 10002
CARGAR_DIRECCION 10002 null 10000
CARGAR_VALOR 0 null 10003
CARGAR_DIRECCION 10003 null 10001
IMPRIMIR_CADENA CADENA_1 null null
CARGAR_DIRECCION 10000 null 10004
IMPRIMIR_ENTERO 10004 null null
IMPRIMIR_CADENA CADENA_2 null null
ETIQUETA null null BUCLE_1
CARGAR_DIRECCION 10000 null 10005
CARGAR_VALOR 0 null 10006
MAYOR 10005 10006 10007
SALTAR_CONDICION 10007 null FINBLUCLE_1
CARGAR_DIRECCION 10001 null 10008
CARGAR_DIRECCION 10000 null 10009
SUMAR 10008 10009 10010
CARGAR_DIRECCION 10010 null 10001
CARGAR_DIRECCION 10000 null 10011
CARGAR_VALOR 1 null 10012
RESTAR 10011 10012 10013
CARGAR_DIRECCION 10013 null 10000
SALTAR_ETIQUETA null null BUCLE_1
ETIQUETA null null FINBUCLE_1
IMPRIMIR_CADENA CADENA_3 null null
CARGAR_DIRECCION 10001 null 10014
IMPRIMIR_ENTERO 10014 null null
IMPRIMIR_CADENA CADENA_4 null null
CARGAR_DIRECCION 10000 null 10015
CARGAR_VALOR 0 null 10016
IGUAL 10015 10016 10017
SALTAR_CONDICION 10017 null ELSE_1
IMPRIMIR_CADENA CADENA_5 null null
SALTAR_ETIQUETA null null FINIF_1
ETIQUETA null null ELSE_1
IMPRIMIR_CADENA CADENA_6 null null
ETIQUETA null null FINIF_1
IMPRIMIR_CADENA CADENA_7 null null
CARGAR_DIRECCION 10000 null 10018
CARGAR_DIRECCION 10001 null 10019
CARGAR_VALOR 5 null 10020
DIVIDIR 10019 10020 10021
SUMAR 10018 10021 10022
IMPRIMIR_ENTERO 10022 null null
IMPRIMIR_CADENA CADENA_8 null null
FIN null null null
PONER_CADENA CADENA_1 null "Se debe escribir 10 : "
PONER_CADENA CADENA_2 null "\n"
PONER_CADENA CADENA_3 null "Se debe escribir 55 : "
PONER_CADENA CADENA_4 null "\n"
PONER_CADENA CADENA_5 null "Esto se debe leer\n"
PONER_CADENA CADENA_6 null "Esto no se debe leer\n"
PONER_CADENA CADENA_7 null "Se debe escribir 11 : "
PONER_CADENA CADENA_8 null "\n"
