CARGAR_VALOR 10 null 10002
CARGAR_DIRECCION 10002 null 10000
CARGAR_VALOR 0 null 10003
CARGAR_DIRECCION 10003 null 10001
IMPRIMIR_CADENA CADENA_1 null null
CARGAR_DIRECCION 10000 null 10004
IMPRIMIR_ENTERO 10004 null null
IMPRIMIR_CADENA CADENA_2 null null
ETIQUETA null null BUCLE_1
CARGAR_DIRECCION 10000 null 10005
CARGAR_VALOR 0 null 10006
MAYOR 10005 10006 10007
SALTAR_CONDICION 10007 null FINBLUCLE_1
CARGAR_DIRECCION 10001 null 10008
CARGAR_DIRECCION 10000 null 10009
SUMAR 10008 10009 10010
CARGAR_DIRECCION 10010 null 10001
CARGAR_DIRECCION 10000 null 10011
CARGAR_VALOR 1 null 10012
RESTAR 10011 10012 10013
CARGAR_DIRECCION 10013 null 10000
SALTAR_ETIQUETA null null BUCLE_1
ETIQUETA null null FINBUCLE_1
IMPRIMIR_CADENA CADENA_3 null null
CARGAR_DIRECCION 10001 null 10014
IMPRIMIR_ENTERO 10014 null null
IMPRIMIR_CADENA CADENA_4 null null
CARGAR_DIRECCION 10000 null 10015
CARGAR_VALOR 0 null 10016
IGUAL 10015 10016 10017
CARGAR_DIRECCION 10001 null 10018
CARGAR_VALOR 54 null 10019
MAYOR 10018 10019 10020
AND 10017 10020 10021
SALTAR_CONDICION 10021 null ELSE_1
IMPRIMIR_CADENA CADENA_5 null null
SALTAR_ETIQUETA null null FINIF_1
ETIQUETA null null ELSE_1
IMPRIMIR_CADENA CADENA_6 null null
ETIQUETA null null FINIF_1
IMPRIMIR_CADENA CADENA_7 null null
CARGAR_DIRECCION 10000 null 10022
CARGAR_DIRECCION 10001 null 10023
CARGAR_VALOR 5 null 10024
DIVIDIR 10023 10024 10025
SUMAR 10022 10025 10026
IMPRIMIR_ENTERO 10026 null null
IMPRIMIR_CADENA CADENA_8 null null
CARGAR_DIRECCION 10000 null 10027
CARGAR_VALOR 2 null 10028
SUMAR 10027 10028 10029
CARGAR_DIRECCION 10029 null 10000
ETIQUETA null null BUCLE_2
CARGAR_DIRECCION 10000 null 10030
CARGAR_VALOR 2 null 10031
MULTIPLICAR 10030 10031 10032
CARGAR_DIRECCION 10001 null 10033
MENOR 10032 10033 10034
SALTAR_CONDICION 10034 null FINBLUCLE_2
ETIQUETA null null BUCLE_3
CARGAR_DIRECCION 10001 null 10035
CARGAR_DIRECCION 10000 null 10036
CARGAR_VALOR 4 null 10037
MULTIPLICAR 10036 10037 10038
MAYOR 10035 10038 10039
SALTAR_CONDICION 10039 null FINBLUCLE_3
CARGAR_DIRECCION 10000 null 10040
CARGAR_VALOR 1 null 10041
SUMAR 10040 10041 10042
CARGAR_DIRECCION 10042 null 10000
SALTAR_ETIQUETA null null BUCLE_3
ETIQUETA null null FINBUCLE_3
CARGAR_DIRECCION 10000 null 10043
CARGAR_VALOR 1 null 10044
SUMAR 10043 10044 10045
CARGAR_DIRECCION 10045 null 10000
SALTAR_ETIQUETA null null BUCLE_2
ETIQUETA null null FINBUCLE_2
IMPRIMIR_CADENA CADENA_9 null null
CARGAR_DIRECCION 10000 null 10046
IMPRIMIR_ENTERO 10046 null null
IMPRIMIR_CADENA CADENA_10 null null
FIN null null null
PONER_CADENA CADENA_1 null "Se debe escribir 10 : "
PONER_CADENA CADENA_2 null "\n"
PONER_CADENA CADENA_3 null "Se debe escribir 55 : "
PONER_CADENA CADENA_4 null "\n"
PONER_CADENA CADENA_5 null "Esto se debe leer\n"
PONER_CADENA CADENA_6 null "Esto no se debe leer\n"
PONER_CADENA CADENA_7 null "Se debe escribir 11 : "
PONER_CADENA CADENA_8 null "\n"
PONER_CADENA CADENA_9 null "Se debe escribir 28 : "
PONER_CADENA CADENA_10 null "\n"
